Determining if the pthread_create exist failed with the following output:
Change Dir: /home/fatih/git/GuvenlikBekcisi/bekci/build/CMakeFiles/CMakeTmp

Run Build Command:/usr/bin/make "cmTryCompileExec2730414999/fast"
/usr/bin/make -f CMakeFiles/cmTryCompileExec2730414999.dir/build.make CMakeFiles/cmTryCompileExec2730414999.dir/build
make[1]: Entering directory `/home/fatih/git/GuvenlikBekcisi/bekci/build/CMakeFiles/CMakeTmp'
/usr/bin/cmake -E cmake_progress_report /home/fatih/git/GuvenlikBekcisi/bekci/build/CMakeFiles/CMakeTmp/CMakeFiles 1
Building C object CMakeFiles/cmTryCompileExec2730414999.dir/CheckSymbolExists.c.o
/usr/bin/cc    -o CMakeFiles/cmTryCompileExec2730414999.dir/CheckSymbolExists.c.o   -c /home/fatih/git/GuvenlikBekcisi/bekci/build/CMakeFiles/CMakeTmp/CheckSymbolExists.c
Linking C executable cmTryCompileExec2730414999
/usr/bin/cmake -E cmake_link_script CMakeFiles/cmTryCompileExec2730414999.dir/link.txt --verbose=1
/usr/bin/cc       CMakeFiles/cmTryCompileExec2730414999.dir/CheckSymbolExists.c.o  -o cmTryCompileExec2730414999 -rdynamic 
CMakeFiles/cmTryCompileExec2730414999.dir/CheckSymbolExists.c.o: In function `main':
CheckSymbolExists.c:(.text+0x16): undefined reference to `pthread_create'
collect2: error: ld returned 1 exit status
make[1]: Leaving directory `/home/fatih/git/GuvenlikBekcisi/bekci/build/CMakeFiles/CMakeTmp'
make[1]: *** [cmTryCompileExec2730414999] Error 1
make: *** [cmTryCompileExec2730414999/fast] Error 2

File /home/fatih/git/GuvenlikBekcisi/bekci/build/CMakeFiles/CMakeTmp/CheckSymbolExists.c:
/* */
#include <pthread.h>

int main(int argc, char** argv)
{
  (void)argv;
#ifndef pthread_create
  return ((int*)(&pthread_create))[argc];
#else
  (void)argc;
  return 0;
#endif
}

Determining if the function pthread_create exists in the pthreads failed with the following output:
Change Dir: /home/fatih/git/GuvenlikBekcisi/bekci/build/CMakeFiles/CMakeTmp

Run Build Command:/usr/bin/make "cmTryCompileExec1457594316/fast"
/usr/bin/make -f CMakeFiles/cmTryCompileExec1457594316.dir/build.make CMakeFiles/cmTryCompileExec1457594316.dir/build
make[1]: Entering directory `/home/fatih/git/GuvenlikBekcisi/bekci/build/CMakeFiles/CMakeTmp'
/usr/bin/cmake -E cmake_progress_report /home/fatih/git/GuvenlikBekcisi/bekci/build/CMakeFiles/CMakeTmp/CMakeFiles 1
Building C object CMakeFiles/cmTryCompileExec1457594316.dir/CheckFunctionExists.c.o
/usr/bin/cc   -DCHECK_FUNCTION_EXISTS=pthread_create   -o CMakeFiles/cmTryCompileExec1457594316.dir/CheckFunctionExists.c.o   -c /usr/share/cmake-2.8/Modules/CheckFunctionExists.c
Linking C executable cmTryCompileExec1457594316
/usr/bin/cmake -E cmake_link_script CMakeFiles/cmTryCompileExec1457594316.dir/link.txt --verbose=1
/usr/bin/cc   -DCHECK_FUNCTION_EXISTS=pthread_create    CMakeFiles/cmTryCompileExec1457594316.dir/CheckFunctionExists.c.o  -o cmTryCompileExec1457594316 -rdynamic -lpthreads 
/usr/bin/ld: cannot find -lpthreads
collect2: error: ld returned 1 exit status
make[1]: Leaving directory `/home/fatih/git/GuvenlikBekcisi/bekci/build/CMakeFiles/CMakeTmp'
make[1]: *** [cmTryCompileExec1457594316] Error 1
make: *** [cmTryCompileExec1457594316/fast] Error 2


